<?xml version="1.0" encoding="UTF-8"?>
<testsuites>
  <testsuite name="Test Suite" tests="2" assertions="1" errors="1" warnings="0" failures="0" skipped="0" time="0.105252">
    <testsuite name="Parkright\Reviews\Tests\ExampleTest" file="/Users/mikeo/code/LCS/packages/parkright/reviews/tests/ExampleTest.php" tests="1" assertions="1" errors="0" warnings="0" failures="0" skipped="0" time="0.049804">
      <testcase name="true_is_true" class="Parkright\Reviews\Tests\ExampleTest" classname="Parkright.Reviews.Tests.ExampleTest" file="/Users/mikeo/code/LCS/packages/parkright/reviews/tests/ExampleTest.php" line="17" assertions="1" time="0.049804"/>
    </testsuite>
    <testsuite name="Parkright\Reviews\Tests\Unit\ReviewTest" file="/Users/mikeo/code/LCS/packages/parkright/reviews/tests/unit/ReviewTest.php" tests="1" assertions="0" errors="1" warnings="0" failures="0" skipped="0" time="0.055448">
      <testcase name="test_a_new_review_can_be_created" class="Parkright\Reviews\Tests\Unit\ReviewTest" classname="Parkright.Reviews.Tests.Unit.ReviewTest" file="/Users/mikeo/code/LCS/packages/parkright/reviews/tests/unit/ReviewTest.php" line="14" assertions="0" time="0.055448">
        <error type="Illuminate\Database\QueryException">Parkright\Reviews\Tests\Unit\ReviewTest::test_a_new_review_can_be_created
Illuminate\Database\QueryException: SQLSTATE[HY000]: General error: 1 no such table: reviews (SQL: insert into "reviews" ("updated_at", "created_at") values (2020-12-22 13:27:30, 2020-12-22 13:27:30))

/Users/mikeo/code/LCS/packages/parkright/reviews/vendor/laravel/framework/src/Illuminate/Database/Connection.php:678
/Users/mikeo/code/LCS/packages/parkright/reviews/vendor/laravel/framework/src/Illuminate/Database/Connection.php:638
/Users/mikeo/code/LCS/packages/parkright/reviews/vendor/laravel/framework/src/Illuminate/Database/Connection.php:472
/Users/mikeo/code/LCS/packages/parkright/reviews/vendor/laravel/framework/src/Illuminate/Database/Connection.php:424
/Users/mikeo/code/LCS/packages/parkright/reviews/vendor/laravel/framework/src/Illuminate/Database/Query/Processors/Processor.php:32
/Users/mikeo/code/LCS/packages/parkright/reviews/vendor/laravel/framework/src/Illuminate/Database/Query/Builder.php:2872
/Users/mikeo/code/LCS/packages/parkright/reviews/vendor/laravel/framework/src/Illuminate/Database/Eloquent/Builder.php:1508
/Users/mikeo/code/LCS/packages/parkright/reviews/vendor/laravel/framework/src/Illuminate/Database/Eloquent/Model.php:1051
/Users/mikeo/code/LCS/packages/parkright/reviews/vendor/laravel/framework/src/Illuminate/Database/Eloquent/Model.php:1016
/Users/mikeo/code/LCS/packages/parkright/reviews/vendor/laravel/framework/src/Illuminate/Database/Eloquent/Model.php:857
/Users/mikeo/code/LCS/packages/parkright/reviews/vendor/laravel/framework/src/Illuminate/Database/Eloquent/Builder.php:777
/Users/mikeo/code/LCS/packages/parkright/reviews/vendor/laravel/framework/src/Illuminate/Support/helpers.php:263
/Users/mikeo/code/LCS/packages/parkright/reviews/vendor/laravel/framework/src/Illuminate/Database/Eloquent/Builder.php:778
/Users/mikeo/code/LCS/packages/parkright/reviews/vendor/laravel/framework/src/Illuminate/Support/Traits/ForwardsCalls.php:23
/Users/mikeo/code/LCS/packages/parkright/reviews/vendor/laravel/framework/src/Illuminate/Database/Eloquent/Model.php:1885
/Users/mikeo/code/LCS/packages/parkright/reviews/vendor/laravel/framework/src/Illuminate/Database/Eloquent/Model.php:1897
/Users/mikeo/code/LCS/packages/parkright/reviews/tests/unit/ReviewTest.php:16
</error>
      </testcase>
    </testsuite>
  </testsuite>
</testsuites>
